2022-07-11 14:56:58,675 INFO     data filename: data/processed/data_extracted_selected_features_2022-07-08_16-41-07.pkl

2022-07-11 14:56:58,675 INFO     Normalized data: yes

2022-07-11 14:56:58,675 INFO     Config: ['Remove outliers: yes', 'Segment number: 10', 'Signal type: raw', 'Feature Selection: yes', 'Upper correlation: 0.85', 'Lower correlation: 0.05']

2022-07-11 14:56:58,679 INFO     
X_train: (607, 198)
y_train: (607,)
2022-07-11 14:56:58,679 INFO     
X_test: (68, 198)
y_test: (68,)
2022-07-11 14:56:58,679 INFO     Model: XGBoost

2022-07-11 14:56:58,679 INFO     Start randomized search...
2022-07-11 15:00:24,048 INFO     ...finish

2022-07-11 15:00:24,049 INFO     Best parameters:
{'model__subsample': 0.4, 'model__scale_pos_weight': 1.0, 'model__reg_lambda': 4.800000000000001, 'model__reg_alpha': 0.55, 'model__n_estimators': 74, 'model__min_child_weight': 3, 'model__max_depth': 15, 'model__learning_rate': 0.02, 'model__gamma': 0.4}
2022-07-11 15:00:24,049 INFO     
Best score:
0.8583118818588268


2022-07-11 15:00:24,291 INFO     
Test set accuracies BEST ESTIMATOR
XGBoost: 0.8823529411764706

