2022-07-08 16:52:08,445 INFO     data filename: data/processed/data_extracted_selected_features_2022-07-08_16-41-07.pkl

2022-07-08 16:52:08,445 INFO     Normalized data: yes

2022-07-08 16:52:08,445 INFO     Config: ['Remove outliers: yes', 'Segment number: 10', 'Signal type: raw', 'Feature Selection: yes', 'Upper correlation: 0.85', 'Lower correlation: 0.05']

2022-07-08 16:52:08,449 INFO     
X_train: (607, 198)
y_train: (607,)
2022-07-08 16:52:08,449 INFO     
X_test: (68, 198)
y_test: (68,)
2022-07-08 16:52:08,449 INFO     Model: RandomForest

2022-07-08 16:52:08,449 INFO     Start randomized search...
2022-07-08 16:59:43,538 INFO     ...finish

2022-07-08 16:59:43,539 INFO     Best parameters:
{'model__n_estimators': 110, 'model__min_samples_split': 2, 'model__min_samples_leaf': 3, 'model__max_features': 10, 'model__max_depth': 60}
2022-07-08 16:59:43,539 INFO     
Best score:
0.8550196450345482


2022-07-08 16:59:43,700 INFO     
Test set accuracies BEST ESTIMATOR
RandomForest: 0.8529411764705882

