2022-07-06 16:06:09,720 INFO     
_______________Start Model Selection__________________

2022-07-06 16:06:09,721 INFO     data filename: data/processed/data_extracted_selected_features_2022-07-05_16-58-17.pkl

2022-07-06 16:06:09,721 INFO     Normalized data: yes

2022-07-06 16:06:09,721 INFO     Config: ['Remove outliers: no', 'Segment number: 10', 'Signal type: raw', 'Feature Selection: yes', 'Upper correlation: 0.85', 'Lower correlation: 0.05']

2022-07-06 16:06:09,723 INFO     
X_train: (777, 160)
y_train: (777,)
2022-07-06 16:06:10,572 INFO     
--------knn---------
Maximum Accuracy: 0.8333333333333334
Minimum Accuracy: 0.6967741935483871
Standard Deviation: 0.03122553136330566

Overall Accuracy: 0.7866046319272126


2022-07-06 16:06:10,850 INFO     
--------svm---------
Maximum Accuracy: 0.8709677419354839
Minimum Accuracy: 0.7225806451612903
Standard Deviation: 0.023398013201773288

Overall Accuracy: 0.8135177832919767


2022-07-06 16:06:12,911 INFO     
--------rf---------
Maximum Accuracy: 0.8903225806451613
Minimum Accuracy: 0.7870967741935484
Standard Deviation: 0.028620492088165125

Overall Accuracy: 0.8414392059553351


2022-07-06 16:06:34,306 INFO     
--------gb---------
Maximum Accuracy: 0.8717948717948718
Minimum Accuracy: 0.7806451612903226
Standard Deviation: 0.022545468437128603

Overall Accuracy: 0.8299842845326717


2022-07-06 16:06:34,354 INFO     
--------dummy---------
Maximum Accuracy: 0.632258064516129
Minimum Accuracy: 0.6282051282051282
Standard Deviation: 0.00200568331728404

Overall Accuracy: 0.6306368899917287


2022-07-06 16:06:37,144 INFO     
--------xgb---------
Maximum Accuracy: 0.896774193548387
Minimum Accuracy: 0.7483870967741936
Standard Deviation: 0.027118014620592802

Overall Accuracy: 0.8268966087675765


